\BOOKMARK [1][-]{section.1}{\376\377\000I\000n\000t\000r\000o\000d\000u\000c\000t\000i\000o\000n\000\040\000a\000n\000d\000\040\000D\000i\000s\000c\000l\000a\000i\000m\000e\000r}{}% 1
\BOOKMARK [1][-]{section.2}{\376\377\000I\000n\000s\000t\000a\000l\000l\000a\000t\000i\000o\000n\000\040\000a\000n\000d\000\040\000S\000y\000s\000t\000e\000m\000\040\000R\000e\000q\000u\000i\000r\000e\000m\000e\000n\000t\000s}{}% 2
\BOOKMARK [2][-]{subsection.2.1}{\376\377\000L\000i\000n\000u\000x\000\040\000E\000n\000v\000i\000r\000o\000n\000m\000e\000n\000t}{section.2}% 3
\BOOKMARK [2][-]{subsection.2.2}{\376\377\000B\000u\000i\000l\000d\000i\000n\000g\000\040\000o\000n\000\040\000M\000i\000c\000r\000o\000s\000o\000f\000t\000\040\000W\000i\000n\000d\000o\000w\000s}{section.2}% 4
\BOOKMARK [2][-]{subsection.2.3}{\376\377\000C\000r\000o\000s\000s\000-\000c\000o\000m\000p\000i\000l\000i\000n\000g\000\040\000o\000n\000\040\000L\000i\000n\000u\000x\000\040\000f\000o\000r\000\040\000M\000a\000c\000O\000S}{section.2}% 5
\BOOKMARK [1][-]{section.3}{\376\377\000U\000s\000a\000g\000e}{}% 6
\BOOKMARK [1][-]{section.4}{\376\377\000F\000e\000a\000t\000u\000r\000e\000s}{}% 7
\BOOKMARK [2][-]{subsection.4.1}{\376\377\000U\000n\000i\000t\000s}{section.4}% 8
\BOOKMARK [2][-]{subsection.4.2}{\376\377\000I\000m\000p\000l\000e\000m\000e\000n\000t\000e\000d\000\040\000E\000n\000e\000r\000g\000y\000\040\000F\000u\000n\000c\000t\000i\000o\000n\000a\000l\000s}{section.4}% 9
\BOOKMARK [2][-]{subsection.4.3}{\376\377\000E\000d\000g\000e\000\040\000T\000e\000r\000m\000s}{section.4}% 10
\BOOKMARK [2][-]{subsection.4.4}{\376\377\000L\000i\000p\000i\000d\000\040\000M\000i\000x\000i\000n\000g}{section.4}% 11
\BOOKMARK [1][-]{section.5}{\376\377\000I\000n\000p\000u\000t\000\040\000F\000i\000l\000e\000s}{}% 12
\BOOKMARK [2][-]{subsection.5.1}{\376\377\000P\000r\000e\000p\000a\000r\000i\000n\000g\000\040\000t\000h\000e\000\040\000F\000i\000l\000e\000s}{section.5}% 13
\BOOKMARK [2][-]{subsection.5.2}{\376\377\000M\000e\000s\000h\000\040\000f\000i\000l\000e}{section.5}% 14
\BOOKMARK [2][-]{subsection.5.3}{\376\377\000M\000e\000m\000b\000r\000a\000n\000e\000\040\000P\000r\000o\000p\000e\000r\000t\000i\000e\000s\000\040\000F\000i\000l\000e\000\040\000\050\000p\000r\000o\000p\000s\000.\000t\000x\000t\000\051}{section.5}% 15
\BOOKMARK [2][-]{subsection.5.4}{\376\377\000C\000o\000n\000t\000r\000o\000l\000\040\000f\000i\000l\000e}{section.5}% 16
\BOOKMARK [3][-]{subsubsection.5.4.1}{\376\377\000S\000i\000m\000u\000l\000a\000t\000i\000o\000n\000\040\000S\000e\000t\000t\000i\000n\000g\000s\000\040\000S}{subsection.5.4}% 17
\BOOKMARK [3][-]{subsubsection.5.4.2}{\376\377\000E\000n\000e\000r\000g\000y\000\040\000S\000e\000t\000t\000i\000n\000g\000s\000\040\000E}{subsection.5.4}% 18
\BOOKMARK [3][-]{subsubsection.5.4.3}{\376\377\000M\000C\000\040\000S\000e\000t\000t\000i\000n\000g\000s\000\040\000M}{subsection.5.4}% 19
\BOOKMARK [2][-]{subsection.5.5}{\376\377\000L\000i\000p\000i\000d\000\040\000f\000i\000l\000e}{section.5}% 20
\BOOKMARK [2][-]{subsection.5.6}{\376\377\000B\000l\000o\000c\000k\000s\000\040\000f\000i\000l\000e}{section.5}% 21
\BOOKMARK [1][-]{section.6}{\376\377\000O\000u\000t\000p\000u\000t\000\040\000F\000i\000l\000e\000s}{}% 22
\BOOKMARK [2][-]{subsection.6.1}{\376\377\000O\000u\000t\000p\000u\000t\000\040\000M\000e\000s\000h\000\040\000\050\000o\000u\000t\000.\000o\000b\000j\000\051}{section.6}% 23
\BOOKMARK [2][-]{subsection.6.2}{\376\377\000O\000u\000t\000p\000u\000t\000\040\000I\000n\000t\000e\000r\000p\000o\000l\000a\000n\000t\000\040\000\050\000o\000u\000t\000.\000p\000l\000t\000\051}{section.6}% 24
\BOOKMARK [2][-]{subsection.6.3}{\376\377\000V\000T\000K\000\040\000V\000i\000s\000u\000a\000l\000\040\000S\000u\000m\000m\000a\000r\000y\000\040\000\050\000o\000u\000t\000.\000v\000t\000u\000\051}{section.6}% 25
\BOOKMARK [2][-]{subsection.6.4}{\376\377\000O\000u\000t\000p\000u\000t\000\040\000M\000e\000m\000b\000r\000a\000n\000e\000\040\000P\000r\000o\000p\000e\000r\000t\000i\000e\000s\000\040\000\050\000p\000r\000o\000p\000s\000\137\000o\000u\000t\000.\000t\000x\000t\000\051\000:}{section.6}% 26
\BOOKMARK [2][-]{subsection.6.5}{\376\377\000O\000u\000t\000p\000u\000t\000\040\000t\000o\000\040\000c\000o\000n\000s\000o\000l\000e\000.}{section.6}% 27
\BOOKMARK [2][-]{subsection.6.6}{\376\377\000V\000T\000U\000\040\000F\000i\000l\000e\000s\000\040\000f\000o\000r\000\040\000M\000o\000n\000i\000t\000o\000r\000i\000n\000g}{section.6}% 28
\BOOKMARK [2][-]{subsection.6.7}{\376\377\000R\000e\000p\000o\000r\000t\000\040\000F\000i\000l\000e\000:\000\040}{section.6}% 29
\BOOKMARK [2][-]{subsection.6.8}{\376\377\000R\000e\000s\000t\000a\000r\000t\000\040\000F\000i\000l\000e\000s\000:\000\040}{section.6}% 30
\BOOKMARK [1][-]{section.7}{\376\377\000R\000e\000s\000u\000m\000i\000n\000g\000\040\000a\000\040\000S\000i\000m\000u\000l\000a\000t\000i\000o\000n}{}% 31
\BOOKMARK [2][-]{subsection.7.1}{\376\377\000C\000o\000n\000t\000i\000n\000u\000i\000n\000g\000\040\000a\000\040\000F\000i\000n\000i\000s\000h\000e\000d\000\040\000S\000i\000m\000u\000l\000a\000t\000i\000o\000n}{section.7}% 32
\BOOKMARK [2][-]{subsection.7.2}{\376\377\000C\000o\000n\000t\000i\000n\000u\000i\000n\000g\000\040\000a\000n\000\040\000U\000n\000f\000i\000n\000i\000s\000h\000e\000d\000\040\000S\000i\000m\000u\000l\000a\000t\000i\000o\000n\000:}{section.7}% 33
\BOOKMARK [1][-]{section.8}{\376\377\000V\000i\000s\000u\000a\000l\000i\000z\000a\000t\000i\000o\000n}{}% 34
\BOOKMARK [1][-]{section.9}{\376\377\000T\000i\000p\000s\000\040\000o\000n\000\040\000S\000i\000m\000u\000l\000a\000t\000i\000o\000n\000\040\000P\000l\000a\000n\000n\000i\000n\000g\000\040\000a\000n\000d\000\040\000E\000x\000e\000c\000u\000t\000i\000o\000n}{}% 35
\BOOKMARK [2][-]{subsection.9.1}{\376\377\000B\000a\000s\000i\000c\000\040\000S\000t\000r\000a\000t\000e\000g\000y}{section.9}% 36
\BOOKMARK [2][-]{subsection.9.2}{\376\377\000H\000o\000w\000\040\000t\000o\000\040\000s\000e\000t\000\040\000t\000a\000r\000g\000e\000t\000s\000\040\000a\000n\000d\000\040\000p\000e\000n\000a\000l\000t\000i\000e\000s}{section.9}% 37
\BOOKMARK [2][-]{subsection.9.3}{\376\377\000H\000o\000w\000\040\000t\000o\000\040\000o\000p\000t\000i\000m\000i\000z\000e\000\040\000p\000e\000r\000f\000o\000r\000m\000a\000n\000c\000e}{section.9}% 38
\BOOKMARK [2][-]{subsection.9.4}{\376\377\000H\000o\000w\000\040\000t\000o\000\040\000m\000o\000n\000i\000t\000o\000r\000\040\000a\000c\000c\000u\000r\000a\000c\000y}{section.9}% 39
\BOOKMARK [2][-]{subsection.9.5}{\376\377\000H\000o\000w\000\040\000t\000o\000\040\000s\000e\000t\000\040\000b\000o\000u\000n\000d\000a\000r\000y\000\040\000c\000o\000n\000d\000i\000t\000i\000o\000n\000s}{section.9}% 40
